c[?7l[2J[0mSeaBIOS (version 1.13.0-1ubuntu1.1)


iPXE (http://ipxe.org) 00:03.0 CA00 PCI2.10 PnP PMM+07F8CA10+07ECCA10 CA00
Press Ctrl-B to configure iPXE (PCI 00:03.0)...                                                                               


Booting from Hard Disk..(THU.CST) os is loading ...

Special kernel symbols:
  entry  0x00100000 (phys)
  etext  0x00103708 (phys)
  edata  0x0010fa16 (phys)
  end    0x00110d80 (phys)
Kernel executable memory footprint: 68KB
ebp:0x00007b28 eip:0x00100ab3 
args: 0x00007b30 0x00007b34 0x00007b38 0x00007b3c 
    kern/debug/kdebug.c:316: print_stackframe+25
ebp:0x00007b38 eip:0x00100dc6 
args: 0x00007b40 0x00007b44 0x00007b48 0x00007b4c 
    kern/debug/kmonitor.c:125: mon_backtrace+14
ebp:0x00007b58 eip:0x00100096 
args: 0x00007b60 0x00007b64 0x00007b68 0x00007b6c 
    kern/init/init.c:48: grade_backtrace2+37
ebp:0x00007b78 eip:0x001000c4 
args: 0x00007b80 0x00007b84 0x00007b88 0x00007b8c 
    kern/init/init.c:53: grade_backtrace1+42
ebp:0x00007b98 eip:0x001000e7 
args: 0x00007ba0 0x00007ba4 0x00007ba8 0x00007bac 
    kern/init/init.c:58: grade_backtrace0+27
ebp:0x00007bb8 eip:0x00100111 
args: 0x00007bc0 0x00007bc4 0x00007bc8 0x00007bcc 
    kern/init/init.c:63: grade_backtrace+38
ebp:0x00007be8 eip:0x00100055 
args: 0x00007bf0 0x00007bf4 0x00007bf8 0x00007bfc 
    kern/init/init.c:28: kern_init+84
ebp:0x00007bf8 eip:0x00007d74 
args: 0x00007c00 0x00007c04 0x00007c08 0x00007c0c 
    <unknow>: -- 0x00007d73 --
sizeof(idt)/sizeof(struct gatedesc): 0x00000100
++ setup timer interrupts
100 ticks
End of Test.
kernel panic at kern/trap/trap.c:18:
    EOT: kernel seems ok.
stack trackback:
ebp:0x00007ac0 eip:0x00100ab3 
args: 0x00007ac8 0x00007acc 0x00007ad0 0x00007ad4 
    kern/debug/kdebug.c:316: print_stackframe+25
ebp:0x00007af0 eip:0x0010045c 
args: 0x00007af8 0x00007afc 0x00007b00 0x00007b04 
    kern/debug/panic.c:27: __panic+107
ebp:0x00007b10 eip:0x00101947 
args: 0x00007b18 0x00007b1c 0x00007b20 0x00007b24 
    kern/trap/trap.c:0: print_ticks+69
ebp:0x00007b50 eip:0x00101e1f 
args: 0x00007b58 0x00007b5c 0x00007b60 0x00007b64 
    kern/trap/trap.c:182: trap_dispatch+141
ebp:0x00007b70 eip:0x00101fc8 
args: 0x00007b78 0x00007b7c 0x00007b80 0x00007b84 
    kern/trap/trap.c:233: trap+20
ebp:0x00007be8 eip:0x00102a53 
args: 0x00007bf0 0x00007bf4 0x00007bf8 0x00007bfc 
    kern/trap/trapentry.S:24: <unknown>+0
ebp:0x00007bf8 eip:0x00007d74 
args: 0x00007c00 0x00007c04 0x00007c08 0x00007c0c 
    <unknow>: -- 0x00007d73 --
Welcome to the kernel debug monitor!!
Type 'help' for a list of commands.
